Build started 06/01/2017 13:18:27.
     1>Project "C:\Users\maria\Desktop\TPVExamen\TPVPractica1\TPVPractica1.vcxproj" on node 2 (Build target(s)).
     1>ClCompile:
         C:\Program Files (x86)\Microsoft Visual Studio 14.0\VC\bin\CL.exe /c /ZI /nologo /W3 /WX- /sdl /Od /Oy- /D _MBCS /Gm /EHsc /RTC1 /MDd /GS /fp:precise /Zc:wchar_t /Zc:forScope /Zc:inline /Fo"Debug\\" /Fd"Debug\vc140.pdb" /Gd /TP /analyze- /errorReport:prompt GlobosPG.cpp
         GlobosPG.cpp
     1>c:\users\maria\desktop\tpvexamen\tpvpractica1\globospg.cpp(40): warning C4244: '-=': conversion from 'float' to 'int', possible loss of data
     1>c:\users\maria\desktop\tpvexamen\tpvpractica1\globospg.cpp(41): warning C4244: '-=': conversion from 'float' to 'int', possible loss of data
     1>c:\users\maria\desktop\tpvexamen\tpvpractica1\globospg.cpp(32): warning C4715: 'GlobosPG::onClick': not all control paths return a value
       Link:
         C:\Program Files (x86)\Microsoft Visual Studio 14.0\VC\bin\link.exe /ERRORREPORT:PROMPT /OUT:"C:\Users\maria\Desktop\TPVExamen\bin\TPVPractica1Debug.exe" /INCREMENTAL /NOLOGO SDL2.lib SDL2main.lib SDL2_image.lib kernel32.lib user32.lib gdi32.lib winspool.lib comdlg32.lib advapi32.lib shell32.lib ole32.lib oleaut32.lib uuid.lib odbc32.lib odbccp32.lib /MANIFEST /MANIFESTUAC:"level='asInvoker' uiAccess='false'" /manifest:embed /Debug /PDB:"C:\Users\maria\Desktop\TPVExamen\bin\TPVPractica1Debug.pdb" /SUBSYSTEM:CONSOLE /TLBID:1 /DYNAMICBASE /NXCOMPAT /IMPLIB:"C:\Users\maria\Desktop\TPVExamen\bin\TPVPractica1Debug.lib" /MACHINE:X86 Debug\GlobosPG.obj
         Debug\JuegoPG.obj
         Debug\mainP1.obj
         Debug\Mariposa.obj
         Debug\ObjetoPG.obj
         Debug\Premio.obj
         Debug\Sound.obj
         Debug\TexturaSDL.obj
         TPVPractica1.vcxproj -> C:\Users\maria\Desktop\TPVExamen\bin\TPVPractica1Debug.exe
     1>Done Building Project "C:\Users\maria\Desktop\TPVExamen\TPVPractica1\TPVPractica1.vcxproj" (Build target(s)).

Build succeeded.

Time Elapsed 00:00:05.02
